ERROR - 2022-04-15 02:22:05 --> Error connecting to the database: Unknown database 'porto'
CRITICAL - 2022-04-15 02:22:05 --> Unable to connect to the database.
Main connection [MySQLi]: Unknown database 'porto'
#0 C:\laragon\www\codeigniter4\system\Database\BaseConnection.php(577): CodeIgniter\Database\BaseConnection->initialize()
#1 C:\laragon\www\codeigniter4\system\Database\BaseBuilder.php(1455): CodeIgniter\Database\BaseConnection->query('SELECT *\nFROM `...', Array, false)
#2 C:\laragon\www\codeigniter4\system\Model.php(183): CodeIgniter\Database\BaseBuilder->get()
#3 C:\laragon\www\codeigniter4\system\BaseModel.php(584): CodeIgniter\Model->doFindAll(0, 0)
#4 C:\laragon\www\codeigniter4\app\Controllers\Home.php(15): CodeIgniter\BaseModel->findAll()
#5 C:\laragon\www\codeigniter4\system\CodeIgniter.php(832): App\Controllers\Home->index()
#6 C:\laragon\www\codeigniter4\system\CodeIgniter.php(419): CodeIgniter\CodeIgniter->runController(Object(App\Controllers\Home))
#7 C:\laragon\www\codeigniter4\system\CodeIgniter.php(326): CodeIgniter\CodeIgniter->handleRequest(NULL, Object(Config\Cache), false)
#8 C:\laragon\www\codeigniter4\public\index.php(37): CodeIgniter\CodeIgniter->run()
#9 C:\laragon\www\codeigniter4\system\Commands\Server\rewrite.php(43): require_once('C:\\laragon\\www\\...')
#10 {main}
ERROR - 2022-04-15 02:22:07 --> Error connecting to the database: Unknown database 'porto'
CRITICAL - 2022-04-15 02:22:07 --> Unable to connect to the database.
Main connection [MySQLi]: Unknown database 'porto'
#0 C:\laragon\www\codeigniter4\system\Database\BaseConnection.php(577): CodeIgniter\Database\BaseConnection->initialize()
#1 C:\laragon\www\codeigniter4\system\Database\BaseBuilder.php(1455): CodeIgniter\Database\BaseConnection->query('SELECT *\nFROM `...', Array, false)
#2 C:\laragon\www\codeigniter4\system\Model.php(183): CodeIgniter\Database\BaseBuilder->get()
#3 C:\laragon\www\codeigniter4\system\BaseModel.php(584): CodeIgniter\Model->doFindAll(0, 0)
#4 C:\laragon\www\codeigniter4\app\Controllers\Home.php(15): CodeIgniter\BaseModel->findAll()
#5 C:\laragon\www\codeigniter4\system\CodeIgniter.php(832): App\Controllers\Home->index()
#6 C:\laragon\www\codeigniter4\system\CodeIgniter.php(419): CodeIgniter\CodeIgniter->runController(Object(App\Controllers\Home))
#7 C:\laragon\www\codeigniter4\system\CodeIgniter.php(326): CodeIgniter\CodeIgniter->handleRequest(NULL, Object(Config\Cache), false)
#8 C:\laragon\www\codeigniter4\public\index.php(37): CodeIgniter\CodeIgniter->run()
#9 C:\laragon\www\codeigniter4\system\Commands\Server\rewrite.php(43): require_once('C:\\laragon\\www\\...')
#10 {main}
ERROR - 2022-04-15 02:22:23 --> Error connecting to the database: Unknown database 'porto'
CRITICAL - 2022-04-15 02:22:23 --> Unable to connect to the database.
Main connection [MySQLi]: Unknown database 'porto'
#0 C:\laragon\www\codeigniter4\system\Database\BaseConnection.php(577): CodeIgniter\Database\BaseConnection->initialize()
#1 C:\laragon\www\codeigniter4\system\Database\BaseBuilder.php(1455): CodeIgniter\Database\BaseConnection->query('SELECT *\nFROM `...', Array, false)
#2 C:\laragon\www\codeigniter4\system\Model.php(183): CodeIgniter\Database\BaseBuilder->get()
#3 C:\laragon\www\codeigniter4\system\BaseModel.php(584): CodeIgniter\Model->doFindAll(0, 0)
#4 C:\laragon\www\codeigniter4\app\Controllers\Home.php(15): CodeIgniter\BaseModel->findAll()
#5 C:\laragon\www\codeigniter4\system\CodeIgniter.php(832): App\Controllers\Home->index()
#6 C:\laragon\www\codeigniter4\system\CodeIgniter.php(419): CodeIgniter\CodeIgniter->runController(Object(App\Controllers\Home))
#7 C:\laragon\www\codeigniter4\system\CodeIgniter.php(326): CodeIgniter\CodeIgniter->handleRequest(NULL, Object(Config\Cache), false)
#8 C:\laragon\www\codeigniter4\public\index.php(37): CodeIgniter\CodeIgniter->run()
#9 C:\laragon\www\codeigniter4\system\Commands\Server\rewrite.php(43): require_once('C:\\laragon\\www\\...')
#10 {main}
ERROR - 2022-04-15 04:05:00 --> Error connecting to the database: Unknown database 'porto'
CRITICAL - 2022-04-15 04:05:00 --> Unable to connect to the database.
Main connection [MySQLi]: Unknown database 'porto'
#0 C:\laragon\www\codeigniter4\system\Database\BaseConnection.php(577): CodeIgniter\Database\BaseConnection->initialize()
#1 C:\laragon\www\codeigniter4\system\Database\BaseBuilder.php(1455): CodeIgniter\Database\BaseConnection->query('SELECT *\nFROM `...', Array, false)
#2 C:\laragon\www\codeigniter4\system\Model.php(183): CodeIgniter\Database\BaseBuilder->get()
#3 C:\laragon\www\codeigniter4\system\BaseModel.php(584): CodeIgniter\Model->doFindAll(0, 0)
#4 C:\laragon\www\codeigniter4\app\Controllers\Home.php(15): CodeIgniter\BaseModel->findAll()
#5 C:\laragon\www\codeigniter4\system\CodeIgniter.php(832): App\Controllers\Home->index()
#6 C:\laragon\www\codeigniter4\system\CodeIgniter.php(419): CodeIgniter\CodeIgniter->runController(Object(App\Controllers\Home))
#7 C:\laragon\www\codeigniter4\system\CodeIgniter.php(326): CodeIgniter\CodeIgniter->handleRequest(NULL, Object(Config\Cache), false)
#8 C:\laragon\www\codeigniter4\public\index.php(37): CodeIgniter\CodeIgniter->run()
#9 C:\laragon\www\codeigniter4\system\Commands\Server\rewrite.php(43): require_once('C:\\laragon\\www\\...')
#10 {main}
